<?xml version="1.0" encoding="UTF-8"?>
<!-- Generated by org.testng.reporters.JUnitReportReporter -->
<testsuite hostname="VENKATESH" failures="0" tests="4" name="ParalellExecution.ParalellExecutionClass1" time="0.004" errors="0" timestamp="2024-05-19T10:58:26 IST" skipped="0">
  <testcase classname="ParalellExecution.ParalellExecutionClass1" name="testMethod1" time="0.001"/>
  <system-out/>
  <testcase classname="ParalellExecution.ParalellExecutionClass1" name="testMethod3" time="0.001"/>
  <system-out/>
  <testcase classname="ParalellExecution.ParalellExecutionClass1" name="testMethod4" time="0.001"/>
  <system-out/>
  <testcase classname="ParalellExecution.ParalellExecutionClass1" name="testMethod2" time="0.001"/>
  <system-out/>
</testsuite> <!-- ParalellExecution.ParalellExecutionClass1 -->
