<?xml version="1.0" encoding="UTF-8"?>
<!-- Generated by org.testng.reporters.JUnitReportReporter -->
<testsuite hostname="VENKATESH" failures="0" tests="4" name="ParalellExecution.ParalellExecutionClass3" time="0.005" errors="0" timestamp="2024-05-19T10:58:26 IST" skipped="0">
  <testcase classname="ParalellExecution.ParalellExecutionClass3" name="testMethod10" time="0.002"/>
  <system-out/>
  <testcase classname="ParalellExecution.ParalellExecutionClass3" name="testMethod9" time="0.001"/>
  <system-out/>
  <testcase classname="ParalellExecution.ParalellExecutionClass3" name="testMethod11" time="0.001"/>
  <system-out/>
  <testcase classname="ParalellExecution.ParalellExecutionClass3" name="testMethod12" time="0.001"/>
  <system-out/>
</testsuite> <!-- ParalellExecution.ParalellExecutionClass3 -->
