<?xml version="1.0" encoding="UTF-8"?>
<!-- Generated by org.testng.reporters.JUnitReportReporter -->
<testsuite hostname="VENKATESH" failures="0" tests="4" name="ParalellExecution.ParalellExecutionClass2" time="0.013" errors="0" timestamp="2024-05-19T10:58:26 IST" skipped="0">
  <testcase classname="ParalellExecution.ParalellExecutionClass2" name="testMethod7" time="0.001"/>
  <system-out/>
  <testcase classname="ParalellExecution.ParalellExecutionClass2" name="testMethod8" time="0.001"/>
  <system-out/>
  <testcase classname="ParalellExecution.ParalellExecutionClass2" name="testMethod6" time="0.001"/>
  <system-out/>
  <testcase classname="ParalellExecution.ParalellExecutionClass2" name="testMethod5" time="0.010"/>
  <system-out/>
</testsuite> <!-- ParalellExecution.ParalellExecutionClass2 -->
